# JRE version: OpenJDK Runtime Environment (11.0.6+10) (build 11.0.6+10-post-Ubuntu-1ubuntu118.04.1)
# Java VM: OpenJDK 64-Bit Server VM (11.0.6+10-post-Ubuntu-1ubuntu118.04.1, mixed mode, sharing, tiered, compressed oops, serial gc, linux-amd64)
Heap:
 def new generation   total 6592K, used 5199K [0x00000000f0800000, 0x00000000f0f20000, 0x00000000f5aa0000)
  eden space 5888K,  76% used [0x00000000f0800000, 0x00000000f0c63c98, 0x00000000f0dc0000)
  from space 704K, 100% used [0x00000000f0e70000, 0x00000000f0f20000, 0x00000000f0f20000)
  to   space 704K,   0% used [0x00000000f0dc0000, 0x00000000f0dc0000, 0x00000000f0e70000)
 tenured generation   total 14552K, used 12366K [0x00000000f5aa0000, 0x00000000f68d6000, 0x0000000100000000)
   the space 14552K,  84% used [0x00000000f5aa0000, 0x00000000f66b3940, 0x00000000f66b3a00, 0x00000000f68d6000)
 Metaspace       used 33030K, capacity 33861K, committed 34352K, reserved 1079296K
  class space    used 4068K, capacity 4418K, committed 4480K, reserved 1048576K
GC Heap History (20 events):
Event: 10.345 GC heap before
{Heap before GC invocations=74 (full 1):
 def new generation   total 6592K, used 6142K [0x00000000f0800000, 0x00000000f0f20000, 0x00000000f5aa0000)
  eden space 5888K, 100% used [0x00000000f0800000, 0x00000000f0dc0000, 0x00000000f0dc0000)
  from space 704K,  36% used [0x00000000f0e70000, 0x00000000f0eaf848, 0x00000000f0f20000)
  to   space 704K,   0% used [0x00000000f0dc0000, 0x00000000f0dc0000, 0x00000000f0e70000)
 tenured generation   total 14552K, used 10514K [0x00000000f5aa0000, 0x00000000f68d6000, 0x0000000100000000)
   the space 14552K,  72% used [0x00000000f5aa0000, 0x00000000f64e4958, 0x00000000f64e4a00, 0x00000000f68d6000)
 Metaspace       used 25153K, capacity 25982K, committed 26288K, reserved 1073152K
  class space    used 3145K, capacity 3461K, committed 3584K, reserved 1048576K
}
Event: 10.348 GC heap after
{Heap after GC invocations=75 (full 1):
 def new generation   total 6592K, used 427K [0x00000000f0800000, 0x00000000f0f20000, 0x00000000f5aa0000)
  eden space 5888K,   0% used [0x00000000f0800000, 0x00000000f0800000, 0x00000000f0dc0000)
  from space 704K,  60% used [0x00000000f0dc0000, 0x00000000f0e2ad98, 0x00000000f0e70000)
  to   space 704K,   0% used [0x00000000f0e70000, 0x00000000f0e70000, 0x00000000f0f20000)
 tenured generation   total 14552K, used 10514K [0x00000000f5aa0000, 0x00000000f68d6000, 0x0000000100000000)
   the space 14552K,  72% used [0x00000000f5aa0000, 0x00000000f64e4958, 0x00000000f64e4a00, 0x00000000f68d6000)
 Metaspace       used 25153K, capacity 25982K, committed 26288K, reserved 1073152K
  class space    used 3145K, capacity 3461K, committed 3584K, reserved 1048576K
}
Event: 10.464 GC heap before
{Heap before GC invocations=75 (full 1):
 def new generation   total 6592K, used 6315K [0x00000000f0800000, 0x00000000f0f20000, 0x00000000f5aa0000)
  eden space 5888K, 100% used [0x00000000f0800000, 0x00000000f0dc0000, 0x00000000f0dc0000)
  from space 704K,  60% used [0x00000000f0dc0000, 0x00000000f0e2ad98, 0x00000000f0e70000)
  to   space 704K,   0% used [0x00000000f0e70000, 0x00000000f0e70000, 0x00000000f0f20000)
 tenured generation   total 14552K, used 10514K [0x00000000f5aa0000, 0x00000000f68d6000, 0x0000000100000000)
   the space 14552K,  72% used [0x00000000f5aa0000, 0x00000000f64e4958, 0x00000000f64e4a00, 0x00000000f68d6000)
 Metaspace       used 25538K, capacity 26307K, committed 26544K, reserved 1073152K
  class space    used 3200K, capacity 3527K, committed 3584K, reserved 1048576K
}
Event: 10.467 GC heap after
{Heap after GC invocations=76 (full 1):
 def new generation   total 6592K, used 242K [0x00000000f0800000, 0x00000000f0f20000, 0x00000000f5aa0000)
  eden space 5888K,   0% used [0x00000000f0800000, 0x00000000f0800000, 0x00000000f0dc0000)
  from space 704K,  34% used [0x00000000f0e70000, 0x00000000f0eacbf8, 0x00000000f0f20000)
  to   space 704K,   0% used [0x00000000f0dc0000, 0x00000000f0dc0000, 0x00000000f0e70000)
 tenured generation   total 14552K, used 10761K [0x00000000f5aa0000, 0x00000000f68d6000, 0x0000000100000000)
   the space 14552K,  73% used [0x00000000f5aa0000, 0x00000000f65227e8, 0x00000000f6522800, 0x00000000f68d6000)
 Metaspace       used 25538K, capacity 26307K, committed 26544K, reserved 1073152K
  class space    used 3200K, capacity 3527K, committed 3584K, reserved 1048576K
}
Event: 10.758 GC heap before
{Heap before GC invocations=76 (full 1):
 def new generation   total 6592K, used 6130K [0x00000000f0800000, 0x00000000f0f20000, 0x00000000f5aa0000)
  eden space 5888K, 100% used [0x00000000f0800000, 0x00000000f0dc0000, 0x00000000f0dc0000)
  from space 704K,  34% used [0x00000000f0e70000, 0x00000000f0eacbf8, 0x00000000f0f20000)
  to   space 704K,   0% used [0x00000000f0dc0000, 0x00000000f0dc0000, 0x00000000f0e70000)
 tenured generation   total 14552K, used 10761K [0x00000000f5aa0000, 0x00000000f68d6000, 0x0000000100000000)
   the space 14552K,  73% used [0x00000000f5aa0000, 0x00000000f65227e8, 0x00000000f6522800, 0x00000000f68d6000)
 Metaspace       used 25930K, capacity 26729K, committed 27056K, reserved 1073152K
  class space    used 3247K, capacity 3561K, committed 3584K, reserved 1048576K
}
Event: 10.761 GC heap after
{Heap after GC invocations=77 (full 1):
 def new generation   total 6592K, used 432K [0x00000000f0800000, 0x00000000f0f20000, 0x00000000f5aa0000)
  eden space 5888K,   0% used [0x00000000f0800000, 0x00000000f0800000, 0x00000000f0dc0000)
  from space 704K,  61% used [0x00000000f0dc0000, 0x00000000f0e2c308, 0x00000000f0e70000)
  to   space 704K,   0% used [0x00000000f0e70000, 0x00000000f0e70000, 0x00000000f0f20000)
 tenured generation   total 14552K, used 10761K [0x00000000f5aa0000, 0x00000000f68d6000, 0x0000000100000000)
   the space 14552K,  73% used [0x00000000f5aa0000, 0x00000000f65227e8, 0x00000000f6522800, 0x00000000f68d6000)
 Metaspace       used 25930K, capacity 26729K, committed 27056K, reserved 1073152K
  class space    used 3247K, capacity 3561K, committed 3584K, reserved 1048576K
}
Event: 10.974 GC heap before
{Heap before GC invocations=77 (full 1):
 def new generation   total 6592K, used 6320K [0x00000000f0800000, 0x00000000f0f20000, 0x00000000f5aa0000)
  eden space 5888K, 100% used [0x00000000f0800000, 0x00000000f0dc0000, 0x00000000f0dc0000)
  from space 704K,  61% used [0x00000000f0dc0000, 0x00000000f0e2c308, 0x00000000f0e70000)
  to   space 704K,   0% used [0x00000000f0e70000, 0x00000000f0e70000, 0x00000000f0f20000)
 tenured generation   total 14552K, used 10761K [0x00000000f5aa0000, 0x00000000f68d6000, 0x0000000100000000)
   the space 14552K,  73% used [0x00000000f5aa0000, 0x00000000f65227e8, 0x00000000f6522800, 0x00000000f68d6000)
 Metaspace       used 26305K, capacity 27050K, committed 27440K, reserved 1073152K
  class space    used 3307K, capacity 3625K, committed 3712K, reserved 1048576K
}
Event: 10.977 GC heap after
{Heap after GC invocations=78 (full 1):
 def new generation   total 6592K, used 391K [0x00000000f0800000, 0x00000000f0f20000, 0x00000000f5aa0000)
  eden space 5888K,   0% used [0x00000000f0800000, 0x00000000f0800000, 0x00000000f0dc0000)
  from space 704K,  55% used [0x00000000f0e70000, 0x00000000f0ed1c08, 0x00000000f0f20000)
  to   space 704K,   0% used [0x00000000f0dc0000, 0x00000000f0dc0000, 0x00000000f0e70000)
 tenured generation   total 14552K, used 10912K [0x00000000f5aa0000, 0x00000000f68d6000, 0x0000000100000000)
   the space 14552K,  74% used [0x00000000f5aa0000, 0x00000000f6548350, 0x00000000f6548400, 0x00000000f68d6000)
 Metaspace       used 26305K, capacity 27050K, committed 27440K, reserved 1073152K
  class space    used 3307K, capacity 3625K, committed 3712K, reserved 1048576K
}
Event: 11.208 GC heap before
{Heap before GC invocations=78 (full 1):
 def new generation   total 6592K, used 6170K [0x00000000f0800000, 0x00000000f0f20000, 0x00000000f5aa0000)
  eden space 5888K,  98% used [0x00000000f0800000, 0x00000000f0da4cd8, 0x00000000f0dc0000)
  from space 704K,  55% used [0x00000000f0e70000, 0x00000000f0ed1c08, 0x00000000f0f20000)
  to   space 704K,   0% used [0x00000000f0dc0000, 0x00000000f0dc0000, 0x00000000f0e70000)
 tenured generation   total 14552K, used 10912K [0x00000000f5aa0000, 0x00000000f68d6000, 0x0000000100000000)
   the space 14552K,  74% used [0x00000000f5aa0000, 0x00000000f6548350, 0x00000000f6548400, 0x00000000f68d6000)
 Metaspace       used 26953K, capacity 27760K, committed 27952K, reserved 1073152K
  class space    used 3391K, capacity 3690K, committed 3712K, reserved 1048576K
}
Event: 11.211 GC heap after
{Heap after GC invocations=79 (full 1):
 def new generation   total 6592K, used 552K [0x00000000f0800000, 0x00000000f0f20000, 0x00000000f5aa0000)
  eden space 5888K,   0% used [0x00000000f0800000, 0x00000000f0800000, 0x00000000f0dc0000)
  from space 704K,  78% used [0x00000000f0dc0000, 0x00000000f0e4a3e0, 0x00000000f0e70000)
  to   space 704K,   0% used [0x00000000f0e70000, 0x00000000f0e70000, 0x00000000f0f20000)
 tenured generation   total 14552K, used 10975K [0x00000000f5aa0000, 0x00000000f68d6000, 0x0000000100000000)
   the space 14552K,  75% used [0x00000000f5aa0000, 0x00000000f6557c40, 0x00000000f6557e00, 0x00000000f68d6000)
 Metaspace       used 26953K, capacity 27760K, committed 27952K, reserved 1073152K
  class space    used 3391K, capacity 3690K, committed 3712K, reserved 1048576K
}
Event: 11.409 GC heap before
{Heap before GC invocations=79 (full 1):
 def new generation   total 6592K, used 6440K [0x00000000f0800000, 0x00000000f0f20000, 0x00000000f5aa0000)
  eden space 5888K, 100% used [0x00000000f0800000, 0x00000000f0dc0000, 0x00000000f0dc0000)
  from space 704K,  78% used [0x00000000f0dc0000, 0x00000000f0e4a3e0, 0x00000000f0e70000)
  to   space 704K,   0% used [0x00000000f0e70000, 0x00000000f0e70000, 0x00000000f0f20000)
 tenured generation   total 14552K, used 10975K [0x00000000f5aa0000, 0x00000000f68d6000, 0x0000000100000000)
   the space 14552K,  75% used [0x00000000f5aa0000, 0x00000000f6557c40, 0x00000000f6557e00, 0x00000000f68d6000)
 Metaspace       used 28035K, capacity 28816K, committed 29104K, reserved 1075200K
  class space    used 3465K, capacity 3786K, committed 3840K, reserved 1048576K
}
Event: 11.412 GC heap after
{Heap after GC invocations=80 (full 1):
 def new generation   total 6592K, used 354K [0x00000000f0800000, 0x00000000f0f20000, 0x00000000f5aa0000)
  eden space 5888K,   0% used [0x00000000f0800000, 0x00000000f0800000, 0x00000000f0dc0000)
  from space 704K,  50% used [0x00000000f0e70000, 0x00000000f0ec89f0, 0x00000000f0f20000)
  to   space 704K,   0% used [0x00000000f0dc0000, 0x00000000f0dc0000, 0x00000000f0e70000)
 tenured generation   total 14552K, used 11295K [0x00000000f5aa0000, 0x00000000f68d6000, 0x0000000100000000)
   the space 14552K,  77% used [0x00000000f5aa0000, 0x00000000f65a7df8, 0x00000000f65a7e00, 0x00000000f68d6000)
 Metaspace       used 28035K, capacity 28816K, committed 29104K, reserved 1075200K
  class space    used 3465K, capacity 3786K, committed 3840K, reserved 1048576K
}
Event: 11.665 GC heap before
{Heap before GC invocations=80 (full 1):
 def new generation   total 6592K, used 6242K [0x00000000f0800000, 0x00000000f0f20000, 0x00000000f5aa0000)
  eden space 5888K, 100% used [0x00000000f0800000, 0x00000000f0dc0000, 0x00000000f0dc0000)
  from space 704K,  50% used [0x00000000f0e70000, 0x00000000f0ec89f0, 0x00000000f0f20000)
  to   space 704K,   0% used [0x00000000f0dc0000, 0x00000000f0dc0000, 0x00000000f0e70000)
 tenured generation   total 14552K, used 11295K [0x00000000f5aa0000, 0x00000000f68d6000, 0x0000000100000000)
   the space 14552K,  77% used [0x00000000f5aa0000, 0x00000000f65a7df8, 0x00000000f65a7e00, 0x00000000f68d6000)
 Metaspace       used 28862K, capacity 29616K, committed 30000K, reserved 1075200K
  class space    used 3587K, capacity 3882K, committed 3968K, reserved 1048576K
}
Event: 11.667 GC heap after
{Heap after GC invocations=81 (full 1):
 def new generation   total 6592K, used 360K [0x00000000f0800000, 0x00000000f0f20000, 0x00000000f5aa0000)
  eden space 5888K,   0% used [0x00000000f0800000, 0x00000000f0800000, 0x00000000f0dc0000)
  from space 704K,  51% used [0x00000000f0dc0000, 0x00000000f0e1a040, 0x00000000f0e70000)
  to   space 704K,   0% used [0x00000000f0e70000, 0x00000000f0e70000, 0x00000000f0f20000)
 tenured generation   total 14552K, used 11427K [0x00000000f5aa0000, 0x00000000f68d6000, 0x0000000100000000)
   the space 14552K,  78% used [0x00000000f5aa0000, 0x00000000f65c8ca8, 0x00000000f65c8e00, 0x00000000f68d6000)
 Metaspace       used 28862K, capacity 29616K, committed 30000K, reserved 1075200K
  class space    used 3587K, capacity 3882K, committed 3968K, reserved 1048576K
}
Event: 11.953 GC heap before
{Heap before GC invocations=81 (full 1):
 def new generation   total 6592K, used 6248K [0x00000000f0800000, 0x00000000f0f20000, 0x00000000f5aa0000)
  eden space 5888K, 100% used [0x00000000f0800000, 0x00000000f0dc0000, 0x00000000f0dc0000)
  from space 704K,  51% used [0x00000000f0dc0000, 0x00000000f0e1a040, 0x00000000f0e70000)
  to   space 704K,   0% used [0x00000000f0e70000, 0x00000000f0e70000, 0x00000000f0f20000)
 tenured generation   total 14552K, used 11427K [0x00000000f5aa0000, 0x00000000f68d6000, 0x0000000100000000)
   the space 14552K,  78% used [0x00000000f5aa0000, 0x00000000f65c8ca8, 0x00000000f65c8e00, 0x00000000f68d6000)
 Metaspace       used 29807K, capacity 30576K, committed 30896K, reserved 1077248K
  class space    used 3705K, capacity 4010K, committed 4096K, reserved 1048576K
}
Event: 11.956 GC heap after
{Heap after GC invocations=82 (full 1):
 def new generation   total 6592K, used 328K [0x00000000f0800000, 0x00000000f0f20000, 0x00000000f5aa0000)
  eden space 5888K,   0% used [0x00000000f0800000, 0x00000000f0800000, 0x00000000f0dc0000)
  from space 704K,  46% used [0x00000000f0e70000, 0x00000000f0ec21c8, 0x00000000f0f20000)
  to   space 704K,   0% used [0x00000000f0dc0000, 0x00000000f0dc0000, 0x00000000f0e70000)
 tenured generation   total 14552K, used 11603K [0x00000000f5aa0000, 0x00000000f68d6000, 0x0000000100000000)
   the space 14552K,  79% used [0x00000000f5aa0000, 0x00000000f65f4e78, 0x00000000f65f5000, 0x00000000f68d6000)
 Metaspace       used 29807K, capacity 30576K, committed 30896K, reserved 1077248K
  class space    used 3705K, capacity 4010K, committed 4096K, reserved 1048576K
}
Event: 12.361 GC heap before
{Heap before GC invocations=82 (full 1):
 def new generation   total 6592K, used 6216K [0x00000000f0800000, 0x00000000f0f20000, 0x00000000f5aa0000)
  eden space 5888K, 100% used [0x00000000f0800000, 0x00000000f0dc0000, 0x00000000f0dc0000)
  from space 704K,  46% used [0x00000000f0e70000, 0x00000000f0ec21c8, 0x00000000f0f20000)
  to   space 704K,   0% used [0x00000000f0dc0000, 0x00000000f0dc0000, 0x00000000f0e70000)
 tenured generation   total 14552K, used 11603K [0x00000000f5aa0000, 0x00000000f68d6000, 0x0000000100000000)
   the space 14552K,  79% used [0x00000000f5aa0000, 0x00000000f65f4e78, 0x00000000f65f5000, 0x00000000f68d6000)
 Metaspace       used 30712K, capacity 31449K, committed 31792K, reserved 1077248K
  class space    used 3815K, capacity 4109K, committed 4224K, reserved 1048576K
}
Event: 12.371 GC heap after
{Heap after GC invocations=83 (full 1):
 def new generation   total 6592K, used 498K [0x00000000f0800000, 0x00000000f0f20000, 0x00000000f5aa0000)
  eden space 5888K,   0% used [0x00000000f0800000, 0x00000000f0800000, 0x00000000f0dc0000)
  from space 704K,  70% used [0x00000000f0dc0000, 0x00000000f0e3c9a8, 0x00000000f0e70000)
  to   space 704K,   0% used [0x00000000f0e70000, 0x00000000f0e70000, 0x00000000f0f20000)
 tenured generation   total 14552K, used 11603K [0x00000000f5aa0000, 0x00000000f68d6000, 0x0000000100000000)
   the space 14552K,  79% used [0x00000000f5aa0000, 0x00000000f65f4e78, 0x00000000f65f5000, 0x00000000f68d6000)
 Metaspace       used 30712K, capacity 31449K, committed 31792K, reserved 1077248K
  class space    used 3815K, capacity 4109K, committed 4224K, reserved 1048576K
}
Event: 15.431 GC heap before
{Heap before GC invocations=83 (full 1):
 def new generation   total 6592K, used 6386K [0x00000000f0800000, 0x00000000f0f20000, 0x00000000f5aa0000)
  eden space 5888K, 100% used [0x00000000f0800000, 0x00000000f0dc0000, 0x00000000f0dc0000)
  from space 704K,  70% used [0x00000000f0dc0000, 0x00000000f0e3c9a8, 0x00000000f0e70000)
  to   space 704K,   0% used [0x00000000f0e70000, 0x00000000f0e70000, 0x00000000f0f20000)
 tenured generation   total 14552K, used 11603K [0x00000000f5aa0000, 0x00000000f68d6000, 0x0000000100000000)
   the space 14552K,  79% used [0x00000000f5aa0000, 0x00000000f65f4e78, 0x00000000f65f5000, 0x00000000f68d6000)
 Metaspace       used 32295K, capacity 33057K, committed 33456K, reserved 1079296K
  class space    used 3985K, capacity 4342K, committed 4352K, reserved 1048576K
}
Event: 15.447 GC heap after
{Heap after GC invocations=84 (full 1):
 def new generation   total 6592K, used 704K [0x00000000f0800000, 0x00000000f0f20000, 0x00000000f5aa0000)
  eden space 5888K,   0% used [0x00000000f0800000, 0x00000000f0800000, 0x00000000f0dc0000)
  from space 704K, 100% used [0x00000000f0e70000, 0x00000000f0f20000, 0x00000000f0f20000)
  to   space 704K,   0% used [0x00000000f0dc0000, 0x00000000f0dc0000, 0x00000000f0e70000)
 tenured generation   total 14552K, used 12366K [0x00000000f5aa0000, 0x00000000f68d6000, 0x0000000100000000)
   the space 14552K,  84% used [0x00000000f5aa0000, 0x00000000f66b3940, 0x00000000f66b3a00, 0x00000000f68d6000)
 Metaspace       used 32295K, capacity 33057K, committed 33456K, reserved 1079296K
  class space    used 3985K, capacity 4342K, committed 4352K, reserved 1048576K
}

