# JRE version: OpenJDK Runtime Environment (11.0.6+10) (build 11.0.6+10-post-Ubuntu-1ubuntu118.04.1)
# Java VM: OpenJDK 64-Bit Server VM (11.0.6+10-post-Ubuntu-1ubuntu118.04.1, mixed mode, sharing, tiered, compressed oops, g1 gc, linux-amd64)
Heap:
 garbage-first heap   total 119808K, used 37745K [0x00000000e0c00000, 0x0000000100000000)
  region size 1024K, 17 young (17408K), 1 survivors (1024K)
 Metaspace       used 56527K, capacity 57594K, committed 58360K, reserved 1099776K
  class space    used 6547K, capacity 6991K, committed 7212K, reserved 1048576K
GC Heap History (20 events):
Event: 130954.738 GC heap before
{Heap before GC invocations=684 (full 0):
 garbage-first heap   total 119808K, used 93035K [0x00000000e0c00000, 0x0000000100000000)
  region size 1024K, 69 young (70656K), 1 survivors (1024K)
 Metaspace       used 56480K, capacity 57590K, committed 58360K, reserved 1099776K
  class space    used 6540K, capacity 6990K, committed 7212K, reserved 1048576K
}
Event: 130954.741 GC heap after
{Heap after GC invocations=685 (full 0):
 garbage-first heap   total 119808K, used 23364K [0x00000000e0c00000, 0x0000000100000000)
  region size 1024K, 1 young (1024K), 1 survivors (1024K)
 Metaspace       used 56480K, capacity 57590K, committed 58360K, reserved 1099776K
  class space    used 6540K, capacity 6990K, committed 7212K, reserved 1048576K
}
Event: 131268.733 GC heap before
{Heap before GC invocations=685 (full 0):
 garbage-first heap   total 119808K, used 92996K [0x00000000e0c00000, 0x0000000100000000)
  region size 1024K, 70 young (71680K), 1 survivors (1024K)
 Metaspace       used 56480K, capacity 57590K, committed 58360K, reserved 1099776K
  class space    used 6540K, capacity 6990K, committed 7212K, reserved 1048576K
}
Event: 131268.736 GC heap after
{Heap after GC invocations=686 (full 0):
 garbage-first heap   total 119808K, used 23366K [0x00000000e0c00000, 0x0000000100000000)
  region size 1024K, 1 young (1024K), 1 survivors (1024K)
 Metaspace       used 56480K, capacity 57590K, committed 58360K, reserved 1099776K
  class space    used 6540K, capacity 6990K, committed 7212K, reserved 1048576K
}
Event: 131589.738 GC heap before
{Heap before GC invocations=687 (full 0):
 garbage-first heap   total 119808K, used 92998K [0x00000000e0c00000, 0x0000000100000000)
  region size 1024K, 70 young (71680K), 1 survivors (1024K)
 Metaspace       used 56480K, capacity 57590K, committed 58360K, reserved 1099776K
  class space    used 6540K, capacity 6990K, committed 7212K, reserved 1048576K
}
Event: 131589.745 GC heap after
{Heap after GC invocations=688 (full 0):
 garbage-first heap   total 119808K, used 23399K [0x00000000e0c00000, 0x0000000100000000)
  region size 1024K, 1 young (1024K), 1 survivors (1024K)
 Metaspace       used 56480K, capacity 57590K, committed 58360K, reserved 1099776K
  class space    used 6540K, capacity 6990K, committed 7212K, reserved 1048576K
}
Event: 131949.738 GC heap before
{Heap before GC invocations=688 (full 0):
 garbage-first heap   total 119808K, used 94055K [0x00000000e0c00000, 0x0000000100000000)
  region size 1024K, 70 young (71680K), 1 survivors (1024K)
 Metaspace       used 56480K, capacity 57590K, committed 58360K, reserved 1099776K
  class space    used 6540K, capacity 6990K, committed 7212K, reserved 1048576K
}
Event: 131949.742 GC heap after
{Heap after GC invocations=689 (full 0):
 garbage-first heap   total 119808K, used 23404K [0x00000000e0c00000, 0x0000000100000000)
  region size 1024K, 1 young (1024K), 1 survivors (1024K)
 Metaspace       used 56480K, capacity 57590K, committed 58360K, reserved 1099776K
  class space    used 6540K, capacity 6990K, committed 7212K, reserved 1048576K
}
Event: 132278.815 GC heap before
{Heap before GC invocations=690 (full 0):
 garbage-first heap   total 119808K, used 94060K [0x00000000e0c00000, 0x0000000100000000)
  region size 1024K, 70 young (71680K), 1 survivors (1024K)
 Metaspace       used 56480K, capacity 57590K, committed 58360K, reserved 1099776K
  class space    used 6540K, capacity 6990K, committed 7212K, reserved 1048576K
}
Event: 132278.819 GC heap after
{Heap after GC invocations=691 (full 0):
 garbage-first heap   total 119808K, used 23403K [0x00000000e0c00000, 0x0000000100000000)
  region size 1024K, 1 young (1024K), 1 survivors (1024K)
 Metaspace       used 56480K, capacity 57590K, committed 58360K, reserved 1099776K
  class space    used 6540K, capacity 6990K, committed 7212K, reserved 1048576K
}
Event: 132591.249 GC heap before
{Heap before GC invocations=691 (full 0):
 garbage-first heap   total 119808K, used 93035K [0x00000000e0c00000, 0x0000000100000000)
  region size 1024K, 70 young (71680K), 1 survivors (1024K)
 Metaspace       used 56480K, capacity 57590K, committed 58360K, reserved 1099776K
  class space    used 6540K, capacity 6990K, committed 7212K, reserved 1048576K
}
Event: 132591.254 GC heap after
{Heap after GC invocations=692 (full 0):
 garbage-first heap   total 119808K, used 23370K [0x00000000e0c00000, 0x0000000100000000)
  region size 1024K, 1 young (1024K), 1 survivors (1024K)
 Metaspace       used 56480K, capacity 57590K, committed 58360K, reserved 1099776K
  class space    used 6540K, capacity 6990K, committed 7212K, reserved 1048576K
}
Event: 132902.460 GC heap before
{Heap before GC invocations=693 (full 0):
 garbage-first heap   total 119808K, used 93002K [0x00000000e0c00000, 0x0000000100000000)
  region size 1024K, 70 young (71680K), 1 survivors (1024K)
 Metaspace       used 56480K, capacity 57590K, committed 58360K, reserved 1099776K
  class space    used 6540K, capacity 6990K, committed 7212K, reserved 1048576K
}
Event: 132902.471 GC heap after
{Heap after GC invocations=694 (full 0):
 garbage-first heap   total 119808K, used 23388K [0x00000000e0c00000, 0x0000000100000000)
  region size 1024K, 1 young (1024K), 1 survivors (1024K)
 Metaspace       used 56480K, capacity 57590K, committed 58360K, reserved 1099776K
  class space    used 6540K, capacity 6990K, committed 7212K, reserved 1048576K
}
Event: 133219.738 GC heap before
{Heap before GC invocations=694 (full 0):
 garbage-first heap   total 119808K, used 93020K [0x00000000e0c00000, 0x0000000100000000)
  region size 1024K, 70 young (71680K), 1 survivors (1024K)
 Metaspace       used 56480K, capacity 57590K, committed 58360K, reserved 1099776K
  class space    used 6540K, capacity 6990K, committed 7212K, reserved 1048576K
}
Event: 133219.742 GC heap after
{Heap after GC invocations=695 (full 0):
 garbage-first heap   total 119808K, used 23411K [0x00000000e0c00000, 0x0000000100000000)
  region size 1024K, 1 young (1024K), 1 survivors (1024K)
 Metaspace       used 56480K, capacity 57590K, committed 58360K, reserved 1099776K
  class space    used 6540K, capacity 6990K, committed 7212K, reserved 1048576K
}
Event: 133537.703 GC heap before
{Heap before GC invocations=696 (full 0):
 garbage-first heap   total 119808K, used 93043K [0x00000000e0c00000, 0x0000000100000000)
  region size 1024K, 70 young (71680K), 1 survivors (1024K)
 Metaspace       used 56480K, capacity 57590K, committed 58360K, reserved 1099776K
  class space    used 6540K, capacity 6990K, committed 7212K, reserved 1048576K
}
Event: 133537.708 GC heap after
{Heap after GC invocations=697 (full 0):
 garbage-first heap   total 119808K, used 23444K [0x00000000e0c00000, 0x0000000100000000)
  region size 1024K, 1 young (1024K), 1 survivors (1024K)
 Metaspace       used 56480K, capacity 57590K, committed 58360K, reserved 1099776K
  class space    used 6540K, capacity 6990K, committed 7212K, reserved 1048576K
}
Event: 133857.457 GC heap before
{Heap before GC invocations=697 (full 0):
 garbage-first heap   total 119808K, used 93076K [0x00000000e0c00000, 0x0000000100000000)
  region size 1024K, 70 young (71680K), 1 survivors (1024K)
 Metaspace       used 56480K, capacity 57590K, committed 58360K, reserved 1099776K
  class space    used 6540K, capacity 6990K, committed 7212K, reserved 1048576K
}
Event: 133857.460 GC heap after
{Heap after GC invocations=698 (full 0):
 garbage-first heap   total 119808K, used 23409K [0x00000000e0c00000, 0x0000000100000000)
  region size 1024K, 1 young (1024K), 1 survivors (1024K)
 Metaspace       used 56480K, capacity 57590K, committed 58360K, reserved 1099776K
  class space    used 6540K, capacity 6990K, committed 7212K, reserved 1048576K
}

