# JRE version: OpenJDK Runtime Environment (11.0.6+10) (build 11.0.6+10-post-Ubuntu-1ubuntu118.04.1)
# Java VM: OpenJDK 64-Bit Server VM (11.0.6+10-post-Ubuntu-1ubuntu118.04.1, mixed mode, sharing, tiered, compressed oops, serial gc, linux-amd64)
Heap:
 def new generation   total 6528K, used 6179K [0x00000000f0800000, 0x00000000f0f10000, 0x00000000f5aa0000)
  eden space 5824K, 100% used [0x00000000f0800000, 0x00000000f0db0000, 0x00000000f0db0000)
  from space 704K,  50% used [0x00000000f0e60000, 0x00000000f0eb8e80, 0x00000000f0f10000)
  to   space 704K,   0% used [0x00000000f0db0000, 0x00000000f0db0000, 0x00000000f0e60000)
 tenured generation   total 14380K, used 10869K [0x00000000f5aa0000, 0x00000000f68ab000, 0x0000000100000000)
   the space 14380K,  75% used [0x00000000f5aa0000, 0x00000000f653d740, 0x00000000f653d800, 0x00000000f68ab000)
 Metaspace       used 26331K, capacity 27117K, committed 27264K, reserved 1073152K
  class space    used 3310K, capacity 3626K, committed 3712K, reserved 1048576K
GC Heap History (20 events):
Event: 9.491 GC heap before
{Heap before GC invocations=64 (full 1):
 def new generation   total 6528K, used 6197K [0x00000000f0800000, 0x00000000f0f10000, 0x00000000f5aa0000)
  eden space 5824K,  99% used [0x00000000f0800000, 0x00000000f0dae480, 0x00000000f0db0000)
  from space 704K,  54% used [0x00000000f0e60000, 0x00000000f0ebf348, 0x00000000f0f10000)
  to   space 704K,   0% used [0x00000000f0db0000, 0x00000000f0db0000, 0x00000000f0e60000)
 tenured generation   total 14380K, used 8831K [0x00000000f5aa0000, 0x00000000f68ab000, 0x0000000100000000)
   the space 14380K,  61% used [0x00000000f5aa0000, 0x00000000f633fff8, 0x00000000f6340000, 0x00000000f68ab000)
 Metaspace       used 21799K, capacity 22484K, committed 22784K, reserved 1069056K
  class space    used 2749K, capacity 3001K, committed 3072K, reserved 1048576K
}
Event: 9.494 GC heap after
{Heap after GC invocations=65 (full 1):
 def new generation   total 6528K, used 410K [0x00000000f0800000, 0x00000000f0f10000, 0x00000000f5aa0000)
  eden space 5824K,   0% used [0x00000000f0800000, 0x00000000f0800000, 0x00000000f0db0000)
  from space 704K,  58% used [0x00000000f0db0000, 0x00000000f0e16a48, 0x00000000f0e60000)
  to   space 704K,   0% used [0x00000000f0e60000, 0x00000000f0e60000, 0x00000000f0f10000)
 tenured generation   total 14380K, used 8961K [0x00000000f5aa0000, 0x00000000f68ab000, 0x0000000100000000)
   the space 14380K,  62% used [0x00000000f5aa0000, 0x00000000f6360778, 0x00000000f6360800, 0x00000000f68ab000)
 Metaspace       used 21799K, capacity 22484K, committed 22784K, reserved 1069056K
  class space    used 2749K, capacity 3001K, committed 3072K, reserved 1048576K
}
Event: 9.736 GC heap before
{Heap before GC invocations=65 (full 1):
 def new generation   total 6528K, used 6234K [0x00000000f0800000, 0x00000000f0f10000, 0x00000000f5aa0000)
  eden space 5824K, 100% used [0x00000000f0800000, 0x00000000f0db0000, 0x00000000f0db0000)
  from space 704K,  58% used [0x00000000f0db0000, 0x00000000f0e16a48, 0x00000000f0e60000)
  to   space 704K,   0% used [0x00000000f0e60000, 0x00000000f0e60000, 0x00000000f0f10000)
 tenured generation   total 14380K, used 8961K [0x00000000f5aa0000, 0x00000000f68ab000, 0x0000000100000000)
   the space 14380K,  62% used [0x00000000f5aa0000, 0x00000000f6360778, 0x00000000f6360800, 0x00000000f68ab000)
 Metaspace       used 22421K, capacity 23127K, committed 23296K, reserved 1069056K
  class space    used 2812K, capacity 3066K, committed 3072K, reserved 1048576K
}
Event: 9.739 GC heap after
{Heap after GC invocations=66 (full 1):
 def new generation   total 6528K, used 371K [0x00000000f0800000, 0x00000000f0f10000, 0x00000000f5aa0000)
  eden space 5824K,   0% used [0x00000000f0800000, 0x00000000f0800000, 0x00000000f0db0000)
  from space 704K,  52% used [0x00000000f0e60000, 0x00000000f0ebcfc0, 0x00000000f0f10000)
  to   space 704K,   0% used [0x00000000f0db0000, 0x00000000f0db0000, 0x00000000f0e60000)
 tenured generation   total 14380K, used 9195K [0x00000000f5aa0000, 0x00000000f68ab000, 0x0000000100000000)
   the space 14380K,  63% used [0x00000000f5aa0000, 0x00000000f639afc0, 0x00000000f639b000, 0x00000000f68ab000)
 Metaspace       used 22421K, capacity 23127K, committed 23296K, reserved 1069056K
  class space    used 2812K, capacity 3066K, committed 3072K, reserved 1048576K
}
Event: 10.068 GC heap before
{Heap before GC invocations=66 (full 1):
 def new generation   total 6528K, used 6195K [0x00000000f0800000, 0x00000000f0f10000, 0x00000000f5aa0000)
  eden space 5824K, 100% used [0x00000000f0800000, 0x00000000f0db0000, 0x00000000f0db0000)
  from space 704K,  52% used [0x00000000f0e60000, 0x00000000f0ebcfc0, 0x00000000f0f10000)
  to   space 704K,   0% used [0x00000000f0db0000, 0x00000000f0db0000, 0x00000000f0e60000)
 tenured generation   total 14380K, used 9195K [0x00000000f5aa0000, 0x00000000f68ab000, 0x0000000100000000)
   the space 14380K,  63% used [0x00000000f5aa0000, 0x00000000f639afc0, 0x00000000f639b000, 0x00000000f68ab000)
 Metaspace       used 22772K, capacity 23491K, committed 23680K, reserved 1069056K
  class space    used 2835K, capacity 3101K, committed 3200K, reserved 1048576K
}
Event: 10.070 GC heap after
{Heap after GC invocations=67 (full 1):
 def new generation   total 6528K, used 423K [0x00000000f0800000, 0x00000000f0f10000, 0x00000000f5aa0000)
  eden space 5824K,   0% used [0x00000000f0800000, 0x00000000f0800000, 0x00000000f0db0000)
  from space 704K,  60% used [0x00000000f0db0000, 0x00000000f0e19e88, 0x00000000f0e60000)
  to   space 704K,   0% used [0x00000000f0e60000, 0x00000000f0e60000, 0x00000000f0f10000)
 tenured generation   total 14380K, used 9331K [0x00000000f5aa0000, 0x00000000f68ab000, 0x0000000100000000)
   the space 14380K,  64% used [0x00000000f5aa0000, 0x00000000f63bcff8, 0x00000000f63bd000, 0x00000000f68ab000)
 Metaspace       used 22772K, capacity 23491K, committed 23680K, reserved 1069056K
  class space    used 2835K, capacity 3101K, committed 3200K, reserved 1048576K
}
Event: 10.404 GC heap before
{Heap before GC invocations=67 (full 1):
 def new generation   total 6528K, used 6247K [0x00000000f0800000, 0x00000000f0f10000, 0x00000000f5aa0000)
  eden space 5824K, 100% used [0x00000000f0800000, 0x00000000f0db0000, 0x00000000f0db0000)
  from space 704K,  60% used [0x00000000f0db0000, 0x00000000f0e19e88, 0x00000000f0e60000)
  to   space 704K,   0% used [0x00000000f0e60000, 0x00000000f0e60000, 0x00000000f0f10000)
 tenured generation   total 14380K, used 9331K [0x00000000f5aa0000, 0x00000000f68ab000, 0x0000000100000000)
   the space 14380K,  64% used [0x00000000f5aa0000, 0x00000000f63bcff8, 0x00000000f63bd000, 0x00000000f68ab000)
 Metaspace       used 23171K, capacity 23875K, committed 23936K, reserved 1071104K
  class space    used 2883K, capacity 3143K, committed 3200K, reserved 1048576K
}
Event: 10.412 GC heap after
{Heap after GC invocations=68 (full 1):
 def new generation   total 6528K, used 514K [0x00000000f0800000, 0x00000000f0f10000, 0x00000000f5aa0000)
  eden space 5824K,   0% used [0x00000000f0800000, 0x00000000f0800000, 0x00000000f0db0000)
  from space 704K,  73% used [0x00000000f0e60000, 0x00000000f0ee0b18, 0x00000000f0f10000)
  to   space 704K,   0% used [0x00000000f0db0000, 0x00000000f0db0000, 0x00000000f0e60000)
 tenured generation   total 14380K, used 9526K [0x00000000f5aa0000, 0x00000000f68ab000, 0x0000000100000000)
   the space 14380K,  66% used [0x00000000f5aa0000, 0x00000000f63ed968, 0x00000000f63eda00, 0x00000000f68ab000)
 Metaspace       used 23171K, capacity 23875K, committed 23936K, reserved 1071104K
  class space    used 2883K, capacity 3143K, committed 3200K, reserved 1048576K
}
Event: 10.692 GC heap before
{Heap before GC invocations=68 (full 1):
 def new generation   total 6528K, used 6338K [0x00000000f0800000, 0x00000000f0f10000, 0x00000000f5aa0000)
  eden space 5824K, 100% used [0x00000000f0800000, 0x00000000f0db0000, 0x00000000f0db0000)
  from space 704K,  73% used [0x00000000f0e60000, 0x00000000f0ee0b18, 0x00000000f0f10000)
  to   space 704K,   0% used [0x00000000f0db0000, 0x00000000f0db0000, 0x00000000f0e60000)
 tenured generation   total 14380K, used 9526K [0x00000000f5aa0000, 0x00000000f68ab000, 0x0000000100000000)
   the space 14380K,  66% used [0x00000000f5aa0000, 0x00000000f63ed968, 0x00000000f63eda00, 0x00000000f68ab000)
 Metaspace       used 23641K, capacity 24397K, committed 24576K, reserved 1071104K
  class space    used 2940K, capacity 3210K, committed 3328K, reserved 1048576K
}
Event: 10.697 GC heap after
{Heap after GC invocations=69 (full 1):
 def new generation   total 6528K, used 528K [0x00000000f0800000, 0x00000000f0f10000, 0x00000000f5aa0000)
  eden space 5824K,   0% used [0x00000000f0800000, 0x00000000f0800000, 0x00000000f0db0000)
  from space 704K,  75% used [0x00000000f0db0000, 0x00000000f0e340e0, 0x00000000f0e60000)
  to   space 704K,   0% used [0x00000000f0e60000, 0x00000000f0e60000, 0x00000000f0f10000)
 tenured generation   total 14380K, used 9749K [0x00000000f5aa0000, 0x00000000f68ab000, 0x0000000100000000)
   the space 14380K,  67% used [0x00000000f5aa0000, 0x00000000f6425540, 0x00000000f6425600, 0x00000000f68ab000)
 Metaspace       used 23641K, capacity 24397K, committed 24576K, reserved 1071104K
  class space    used 2940K, capacity 3210K, committed 3328K, reserved 1048576K
}
Event: 11.196 GC heap before
{Heap before GC invocations=69 (full 1):
 def new generation   total 6528K, used 6352K [0x00000000f0800000, 0x00000000f0f10000, 0x00000000f5aa0000)
  eden space 5824K, 100% used [0x00000000f0800000, 0x00000000f0db0000, 0x00000000f0db0000)
  from space 704K,  75% used [0x00000000f0db0000, 0x00000000f0e340e0, 0x00000000f0e60000)
  to   space 704K,   0% used [0x00000000f0e60000, 0x00000000f0e60000, 0x00000000f0f10000)
 tenured generation   total 14380K, used 9749K [0x00000000f5aa0000, 0x00000000f68ab000, 0x0000000100000000)
   the space 14380K,  67% used [0x00000000f5aa0000, 0x00000000f6425540, 0x00000000f6425600, 0x00000000f68ab000)
 Metaspace       used 24071K, capacity 24829K, committed 25088K, reserved 1071104K
  class space    used 3016K, capacity 3291K, committed 3328K, reserved 1048576K
}
Event: 11.213 GC heap after
{Heap after GC invocations=70 (full 1):
 def new generation   total 6528K, used 635K [0x00000000f0800000, 0x00000000f0f10000, 0x00000000f5aa0000)
  eden space 5824K,   0% used [0x00000000f0800000, 0x00000000f0800000, 0x00000000f0db0000)
  from space 704K,  90% used [0x00000000f0e60000, 0x00000000f0efefb0, 0x00000000f0f10000)
  to   space 704K,   0% used [0x00000000f0db0000, 0x00000000f0db0000, 0x00000000f0e60000)
 tenured generation   total 14380K, used 10013K [0x00000000f5aa0000, 0x00000000f68ab000, 0x0000000100000000)
   the space 14380K,  69% used [0x00000000f5aa0000, 0x00000000f64674d0, 0x00000000f6467600, 0x00000000f68ab000)
 Metaspace       used 24071K, capacity 24829K, committed 25088K, reserved 1071104K
  class space    used 3016K, capacity 3291K, committed 3328K, reserved 1048576K
}
Event: 11.625 GC heap before
{Heap before GC invocations=70 (full 1):
 def new generation   total 6528K, used 6459K [0x00000000f0800000, 0x00000000f0f10000, 0x00000000f5aa0000)
  eden space 5824K, 100% used [0x00000000f0800000, 0x00000000f0db0000, 0x00000000f0db0000)
  from space 704K,  90% used [0x00000000f0e60000, 0x00000000f0efefb0, 0x00000000f0f10000)
  to   space 704K,   0% used [0x00000000f0db0000, 0x00000000f0db0000, 0x00000000f0e60000)
 tenured generation   total 14380K, used 10013K [0x00000000f5aa0000, 0x00000000f68ab000, 0x0000000100000000)
   the space 14380K,  69% used [0x00000000f5aa0000, 0x00000000f64674d0, 0x00000000f6467600, 0x00000000f68ab000)
 Metaspace       used 24653K, capacity 25461K, committed 25728K, reserved 1071104K
  class space    used 3097K, capacity 3395K, committed 3456K, reserved 1048576K
}
Event: 11.638 GC heap after
{Heap after GC invocations=71 (full 1):
 def new generation   total 6528K, used 292K [0x00000000f0800000, 0x00000000f0f10000, 0x00000000f5aa0000)
  eden space 5824K,   0% used [0x00000000f0800000, 0x00000000f0800000, 0x00000000f0db0000)
  from space 704K,  41% used [0x00000000f0db0000, 0x00000000f0df9258, 0x00000000f0e60000)
  to   space 704K,   0% used [0x00000000f0e60000, 0x00000000f0e60000, 0x00000000f0f10000)
 tenured generation   total 14380K, used 10590K [0x00000000f5aa0000, 0x00000000f68ab000, 0x0000000100000000)
   the space 14380K,  73% used [0x00000000f5aa0000, 0x00000000f64f79c0, 0x00000000f64f7a00, 0x00000000f68ab000)
 Metaspace       used 24653K, capacity 25461K, committed 25728K, reserved 1071104K
  class space    used 3097K, capacity 3395K, committed 3456K, reserved 1048576K
}
Event: 12.075 GC heap before
{Heap before GC invocations=71 (full 1):
 def new generation   total 6528K, used 6116K [0x00000000f0800000, 0x00000000f0f10000, 0x00000000f5aa0000)
  eden space 5824K, 100% used [0x00000000f0800000, 0x00000000f0db0000, 0x00000000f0db0000)
  from space 704K,  41% used [0x00000000f0db0000, 0x00000000f0df9258, 0x00000000f0e60000)
  to   space 704K,   0% used [0x00000000f0e60000, 0x00000000f0e60000, 0x00000000f0f10000)
 tenured generation   total 14380K, used 10590K [0x00000000f5aa0000, 0x00000000f68ab000, 0x0000000100000000)
   the space 14380K,  73% used [0x00000000f5aa0000, 0x00000000f64f79c0, 0x00000000f64f7a00, 0x00000000f68ab000)
 Metaspace       used 25199K, capacity 25979K, committed 26112K, reserved 1071104K
  class space    used 3154K, capacity 3461K, committed 3584K, reserved 1048576K
}
Event: 12.085 GC heap after
{Heap after GC invocations=72 (full 1):
 def new generation   total 6528K, used 387K [0x00000000f0800000, 0x00000000f0f10000, 0x00000000f5aa0000)
  eden space 5824K,   0% used [0x00000000f0800000, 0x00000000f0800000, 0x00000000f0db0000)
  from space 704K,  55% used [0x00000000f0e60000, 0x00000000f0ec0e20, 0x00000000f0f10000)
  to   space 704K,   0% used [0x00000000f0db0000, 0x00000000f0db0000, 0x00000000f0e60000)
 tenured generation   total 14380K, used 10590K [0x00000000f5aa0000, 0x00000000f68ab000, 0x0000000100000000)
   the space 14380K,  73% used [0x00000000f5aa0000, 0x00000000f64f79c0, 0x00000000f64f7a00, 0x00000000f68ab000)
 Metaspace       used 25199K, capacity 25979K, committed 26112K, reserved 1071104K
  class space    used 3154K, capacity 3461K, committed 3584K, reserved 1048576K
}
Event: 12.460 GC heap before
{Heap before GC invocations=72 (full 1):
 def new generation   total 6528K, used 6211K [0x00000000f0800000, 0x00000000f0f10000, 0x00000000f5aa0000)
  eden space 5824K, 100% used [0x00000000f0800000, 0x00000000f0db0000, 0x00000000f0db0000)
  from space 704K,  55% used [0x00000000f0e60000, 0x00000000f0ec0e20, 0x00000000f0f10000)
  to   space 704K,   0% used [0x00000000f0db0000, 0x00000000f0db0000, 0x00000000f0e60000)
 tenured generation   total 14380K, used 10590K [0x00000000f5aa0000, 0x00000000f68ab000, 0x0000000100000000)
   the space 14380K,  73% used [0x00000000f5aa0000, 0x00000000f64f79c0, 0x00000000f64f7a00, 0x00000000f68ab000)
 Metaspace       used 25608K, capacity 26435K, committed 26624K, reserved 1073152K
  class space    used 3211K, capacity 3528K, committed 3584K, reserved 1048576K
}
Event: 12.478 GC heap after
{Heap after GC invocations=73 (full 1):
 def new generation   total 6528K, used 209K [0x00000000f0800000, 0x00000000f0f10000, 0x00000000f5aa0000)
  eden space 5824K,   0% used [0x00000000f0800000, 0x00000000f0800000, 0x00000000f0db0000)
  from space 704K,  29% used [0x00000000f0db0000, 0x00000000f0de4710, 0x00000000f0e60000)
  to   space 704K,   0% used [0x00000000f0e60000, 0x00000000f0e60000, 0x00000000f0f10000)
 tenured generation   total 14380K, used 10869K [0x00000000f5aa0000, 0x00000000f68ab000, 0x0000000100000000)
   the space 14380K,  75% used [0x00000000f5aa0000, 0x00000000f653d740, 0x00000000f653d800, 0x00000000f68ab000)
 Metaspace       used 25608K, capacity 26435K, committed 26624K, reserved 1073152K
  class space    used 3211K, capacity 3528K, committed 3584K, reserved 1048576K
}
Event: 15.613 GC heap before
{Heap before GC invocations=73 (full 1):
 def new generation   total 6528K, used 6033K [0x00000000f0800000, 0x00000000f0f10000, 0x00000000f5aa0000)
  eden space 5824K, 100% used [0x00000000f0800000, 0x00000000f0db0000, 0x00000000f0db0000)
  from space 704K,  29% used [0x00000000f0db0000, 0x00000000f0de4710, 0x00000000f0e60000)
  to   space 704K,   0% used [0x00000000f0e60000, 0x00000000f0e60000, 0x00000000f0f10000)
 tenured generation   total 14380K, used 10869K [0x00000000f5aa0000, 0x00000000f68ab000, 0x0000000100000000)
   the space 14380K,  75% used [0x00000000f5aa0000, 0x00000000f653d740, 0x00000000f653d800, 0x00000000f68ab000)
 Metaspace       used 25973K, capacity 26790K, committed 26880K, reserved 1073152K
  class space    used 3256K, capacity 3561K, committed 3584K, reserved 1048576K
}
Event: 15.620 GC heap after
{Heap after GC invocations=74 (full 1):
 def new generation   total 6528K, used 355K [0x00000000f0800000, 0x00000000f0f10000, 0x00000000f5aa0000)
  eden space 5824K,   0% used [0x00000000f0800000, 0x00000000f0800000, 0x00000000f0db0000)
  from space 704K,  50% used [0x00000000f0e60000, 0x00000000f0eb8e80, 0x00000000f0f10000)
  to   space 704K,   0% used [0x00000000f0db0000, 0x00000000f0db0000, 0x00000000f0e60000)
 tenured generation   total 14380K, used 10869K [0x00000000f5aa0000, 0x00000000f68ab000, 0x0000000100000000)
   the space 14380K,  75% used [0x00000000f5aa0000, 0x00000000f653d740, 0x00000000f653d800, 0x00000000f68ab000)
 Metaspace       used 25973K, capacity 26790K, committed 26880K, reserved 1073152K
  class space    used 3256K, capacity 3561K, committed 3584K, reserved 1048576K
}

