# JRE version: OpenJDK Runtime Environment (11.0.6+10) (build 11.0.6+10-post-Ubuntu-1ubuntu118.04.1)
# Java VM: OpenJDK 64-Bit Server VM (11.0.6+10-post-Ubuntu-1ubuntu118.04.1, mixed mode, sharing, tiered, compressed oops, serial gc, linux-amd64)
Heap:
 def new generation   total 13504K, used 2106K [0x00000000f0800000, 0x00000000f16a0000, 0x00000000f5aa0000)
  eden space 12032K,  13% used [0x00000000f0800000, 0x00000000f0987b10, 0x00000000f13c0000)
  from space 1472K,  36% used [0x00000000f13c0000, 0x00000000f1446dd0, 0x00000000f1530000)
  to   space 1472K,   0% used [0x00000000f1530000, 0x00000000f1530000, 0x00000000f16a0000)
 tenured generation   total 29524K, used 18389K [0x00000000f5aa0000, 0x00000000f7775000, 0x0000000100000000)
   the space 29524K,  62% used [0x00000000f5aa0000, 0x00000000f6c955d0, 0x00000000f6c95600, 0x00000000f7775000)
 Metaspace       used 54457K, capacity 55599K, committed 56408K, reserved 1097728K
  class space    used 6507K, capacity 6965K, committed 7256K, reserved 1048576K
GC Heap History (20 events):
Event: 33804.078 GC heap before
{Heap before GC invocations=282 (full 3):
 def new generation   total 13504K, used 12327K [0x00000000f0800000, 0x00000000f16a0000, 0x00000000f5aa0000)
  eden space 12032K,  99% used [0x00000000f0800000, 0x00000000f13bfff8, 0x00000000f13c0000)
  from space 1472K,  20% used [0x00000000f13c0000, 0x00000000f1409f40, 0x00000000f1530000)
  to   space 1472K,   0% used [0x00000000f1530000, 0x00000000f1530000, 0x00000000f16a0000)
 tenured generation   total 29524K, used 18326K [0x00000000f5aa0000, 0x00000000f7775000, 0x0000000100000000)
   the space 29524K,  62% used [0x00000000f5aa0000, 0x00000000f6c858e8, 0x00000000f6c85a00, 0x00000000f7775000)
 Metaspace       used 54339K, capacity 55426K, committed 56280K, reserved 1097728K
  class space    used 6501K, capacity 6931K, committed 7128K, reserved 1048576K
}
Event: 33804.084 GC heap after
{Heap after GC invocations=283 (full 3):
 def new generation   total 13504K, used 288K [0x00000000f0800000, 0x00000000f16a0000, 0x00000000f5aa0000)
  eden space 12032K,   0% used [0x00000000f0800000, 0x00000000f0800000, 0x00000000f13c0000)
  from space 1472K,  19% used [0x00000000f1530000, 0x00000000f1578368, 0x00000000f16a0000)
  to   space 1472K,   0% used [0x00000000f13c0000, 0x00000000f13c0000, 0x00000000f1530000)
 tenured generation   total 29524K, used 18365K [0x00000000f5aa0000, 0x00000000f7775000, 0x0000000100000000)
   the space 29524K,  62% used [0x00000000f5aa0000, 0x00000000f6c8f708, 0x00000000f6c8f800, 0x00000000f7775000)
 Metaspace       used 54339K, capacity 55426K, committed 56280K, reserved 1097728K
  class space    used 6501K, capacity 6931K, committed 7128K, reserved 1048576K
}
Event: 33976.403 GC heap before
{Heap before GC invocations=283 (full 3):
 def new generation   total 13504K, used 12320K [0x00000000f0800000, 0x00000000f16a0000, 0x00000000f5aa0000)
  eden space 12032K, 100% used [0x00000000f0800000, 0x00000000f13c0000, 0x00000000f13c0000)
  from space 1472K,  19% used [0x00000000f1530000, 0x00000000f1578368, 0x00000000f16a0000)
  to   space 1472K,   0% used [0x00000000f13c0000, 0x00000000f13c0000, 0x00000000f1530000)
 tenured generation   total 29524K, used 18365K [0x00000000f5aa0000, 0x00000000f7775000, 0x0000000100000000)
   the space 29524K,  62% used [0x00000000f5aa0000, 0x00000000f6c8f708, 0x00000000f6c8f800, 0x00000000f7775000)
 Metaspace       used 54349K, capacity 55426K, committed 56280K, reserved 1097728K
  class space    used 6501K, capacity 6931K, committed 7128K, reserved 1048576K
}
Event: 33976.405 GC heap after
{Heap after GC invocations=284 (full 3):
 def new generation   total 13504K, used 138K [0x00000000f0800000, 0x00000000f16a0000, 0x00000000f5aa0000)
  eden space 12032K,   0% used [0x00000000f0800000, 0x00000000f0800000, 0x00000000f13c0000)
  from space 1472K,   9% used [0x00000000f13c0000, 0x00000000f13e2b70, 0x00000000f1530000)
  to   space 1472K,   0% used [0x00000000f1530000, 0x00000000f1530000, 0x00000000f16a0000)
 tenured generation   total 29524K, used 18370K [0x00000000f5aa0000, 0x00000000f7775000, 0x0000000100000000)
   the space 29524K,  62% used [0x00000000f5aa0000, 0x00000000f6c90a50, 0x00000000f6c90c00, 0x00000000f7775000)
 Metaspace       used 54349K, capacity 55426K, committed 56280K, reserved 1097728K
  class space    used 6501K, capacity 6931K, committed 7128K, reserved 1048576K
}
Event: 35056.409 GC heap before
{Heap before GC invocations=284 (full 3):
 def new generation   total 13504K, used 12168K [0x00000000f0800000, 0x00000000f16a0000, 0x00000000f5aa0000)
  eden space 12032K,  99% used [0x00000000f0800000, 0x00000000f13bf708, 0x00000000f13c0000)
  from space 1472K,   9% used [0x00000000f13c0000, 0x00000000f13e2b70, 0x00000000f1530000)
  to   space 1472K,   0% used [0x00000000f1530000, 0x00000000f1530000, 0x00000000f16a0000)
 tenured generation   total 29524K, used 18370K [0x00000000f5aa0000, 0x00000000f7775000, 0x0000000100000000)
   the space 29524K,  62% used [0x00000000f5aa0000, 0x00000000f6c90a50, 0x00000000f6c90c00, 0x00000000f7775000)
 Metaspace       used 54356K, capacity 55426K, committed 56280K, reserved 1097728K
  class space    used 6501K, capacity 6931K, committed 7128K, reserved 1048576K
}
Event: 35056.414 GC heap after
{Heap after GC invocations=285 (full 3):
 def new generation   total 13504K, used 241K [0x00000000f0800000, 0x00000000f16a0000, 0x00000000f5aa0000)
  eden space 12032K,   0% used [0x00000000f0800000, 0x00000000f0800000, 0x00000000f13c0000)
  from space 1472K,  16% used [0x00000000f1530000, 0x00000000f156c4d0, 0x00000000f16a0000)
  to   space 1472K,   0% used [0x00000000f13c0000, 0x00000000f13c0000, 0x00000000f1530000)
 tenured generation   total 29524K, used 18377K [0x00000000f5aa0000, 0x00000000f7775000, 0x0000000100000000)
   the space 29524K,  62% used [0x00000000f5aa0000, 0x00000000f6c925e0, 0x00000000f6c92600, 0x00000000f7775000)
 Metaspace       used 54356K, capacity 55426K, committed 56280K, reserved 1097728K
  class space    used 6501K, capacity 6931K, committed 7128K, reserved 1048576K
}
Event: 36196.406 GC heap before
{Heap before GC invocations=285 (full 3):
 def new generation   total 13504K, used 12272K [0x00000000f0800000, 0x00000000f16a0000, 0x00000000f5aa0000)
  eden space 12032K,  99% used [0x00000000f0800000, 0x00000000f13bfb68, 0x00000000f13c0000)
  from space 1472K,  16% used [0x00000000f1530000, 0x00000000f156c4d0, 0x00000000f16a0000)
  to   space 1472K,   0% used [0x00000000f13c0000, 0x00000000f13c0000, 0x00000000f1530000)
 tenured generation   total 29524K, used 18377K [0x00000000f5aa0000, 0x00000000f7775000, 0x0000000100000000)
   the space 29524K,  62% used [0x00000000f5aa0000, 0x00000000f6c925e0, 0x00000000f6c92600, 0x00000000f7775000)
 Metaspace       used 54356K, capacity 55426K, committed 56280K, reserved 1097728K
  class space    used 6501K, capacity 6931K, committed 7128K, reserved 1048576K
}
Event: 36196.418 GC heap after
{Heap after GC invocations=286 (full 3):
 def new generation   total 13504K, used 103K [0x00000000f0800000, 0x00000000f16a0000, 0x00000000f5aa0000)
  eden space 12032K,   0% used [0x00000000f0800000, 0x00000000f0800000, 0x00000000f13c0000)
  from space 1472K,   7% used [0x00000000f13c0000, 0x00000000f13d9dd0, 0x00000000f1530000)
  to   space 1472K,   0% used [0x00000000f1530000, 0x00000000f1530000, 0x00000000f16a0000)
 tenured generation   total 29524K, used 18377K [0x00000000f5aa0000, 0x00000000f7775000, 0x0000000100000000)
   the space 29524K,  62% used [0x00000000f5aa0000, 0x00000000f6c925e0, 0x00000000f6c92600, 0x00000000f7775000)
 Metaspace       used 54356K, capacity 55426K, committed 56280K, reserved 1097728K
  class space    used 6501K, capacity 6931K, committed 7128K, reserved 1048576K
}
Event: 37336.440 GC heap before
{Heap before GC invocations=286 (full 3):
 def new generation   total 13504K, used 12130K [0x00000000f0800000, 0x00000000f16a0000, 0x00000000f5aa0000)
  eden space 12032K,  99% used [0x00000000f0800000, 0x00000000f13bec60, 0x00000000f13c0000)
  from space 1472K,   7% used [0x00000000f13c0000, 0x00000000f13d9dd0, 0x00000000f1530000)
  to   space 1472K,   0% used [0x00000000f1530000, 0x00000000f1530000, 0x00000000f16a0000)
 tenured generation   total 29524K, used 18377K [0x00000000f5aa0000, 0x00000000f7775000, 0x0000000100000000)
   the space 29524K,  62% used [0x00000000f5aa0000, 0x00000000f6c925e0, 0x00000000f6c92600, 0x00000000f7775000)
 Metaspace       used 54358K, capacity 55426K, committed 56280K, reserved 1097728K
  class space    used 6502K, capacity 6931K, committed 7128K, reserved 1048576K
}
Event: 37336.450 GC heap after
{Heap after GC invocations=287 (full 3):
 def new generation   total 13504K, used 227K [0x00000000f0800000, 0x00000000f16a0000, 0x00000000f5aa0000)
  eden space 12032K,   0% used [0x00000000f0800000, 0x00000000f0800000, 0x00000000f13c0000)
  from space 1472K,  15% used [0x00000000f1530000, 0x00000000f1568d88, 0x00000000f16a0000)
  to   space 1472K,   0% used [0x00000000f13c0000, 0x00000000f13c0000, 0x00000000f1530000)
 tenured generation   total 29524K, used 18377K [0x00000000f5aa0000, 0x00000000f7775000, 0x0000000100000000)
   the space 29524K,  62% used [0x00000000f5aa0000, 0x00000000f6c925e0, 0x00000000f6c92600, 0x00000000f7775000)
 Metaspace       used 54358K, capacity 55426K, committed 56280K, reserved 1097728K
  class space    used 6502K, capacity 6931K, committed 7128K, reserved 1048576K
}
Event: 38416.414 GC heap before
{Heap before GC invocations=287 (full 3):
 def new generation   total 13504K, used 12251K [0x00000000f0800000, 0x00000000f16a0000, 0x00000000f5aa0000)
  eden space 12032K,  99% used [0x00000000f0800000, 0x00000000f13be250, 0x00000000f13c0000)
  from space 1472K,  15% used [0x00000000f1530000, 0x00000000f1568d88, 0x00000000f16a0000)
  to   space 1472K,   0% used [0x00000000f13c0000, 0x00000000f13c0000, 0x00000000f1530000)
 tenured generation   total 29524K, used 18377K [0x00000000f5aa0000, 0x00000000f7775000, 0x0000000100000000)
   the space 29524K,  62% used [0x00000000f5aa0000, 0x00000000f6c925e0, 0x00000000f6c92600, 0x00000000f7775000)
 Metaspace       used 54358K, capacity 55426K, committed 56280K, reserved 1097728K
  class space    used 6502K, capacity 6931K, committed 7128K, reserved 1048576K
}
Event: 38416.428 GC heap after
{Heap after GC invocations=288 (full 3):
 def new generation   total 13504K, used 118K [0x00000000f0800000, 0x00000000f16a0000, 0x00000000f5aa0000)
  eden space 12032K,   0% used [0x00000000f0800000, 0x00000000f0800000, 0x00000000f13c0000)
  from space 1472K,   8% used [0x00000000f13c0000, 0x00000000f13dd808, 0x00000000f1530000)
  to   space 1472K,   0% used [0x00000000f1530000, 0x00000000f1530000, 0x00000000f16a0000)
 tenured generation   total 29524K, used 18378K [0x00000000f5aa0000, 0x00000000f7775000, 0x0000000100000000)
   the space 29524K,  62% used [0x00000000f5aa0000, 0x00000000f6c92968, 0x00000000f6c92a00, 0x00000000f7775000)
 Metaspace       used 54358K, capacity 55426K, committed 56280K, reserved 1097728K
  class space    used 6502K, capacity 6931K, committed 7128K, reserved 1048576K
}
Event: 39556.428 GC heap before
{Heap before GC invocations=288 (full 3):
 def new generation   total 13504K, used 12150K [0x00000000f0800000, 0x00000000f16a0000, 0x00000000f5aa0000)
  eden space 12032K, 100% used [0x00000000f0800000, 0x00000000f13c0000, 0x00000000f13c0000)
  from space 1472K,   8% used [0x00000000f13c0000, 0x00000000f13dd808, 0x00000000f1530000)
  to   space 1472K,   0% used [0x00000000f1530000, 0x00000000f1530000, 0x00000000f16a0000)
 tenured generation   total 29524K, used 18378K [0x00000000f5aa0000, 0x00000000f7775000, 0x0000000100000000)
   the space 29524K,  62% used [0x00000000f5aa0000, 0x00000000f6c92968, 0x00000000f6c92a00, 0x00000000f7775000)
 Metaspace       used 54361K, capacity 55426K, committed 56280K, reserved 1097728K
  class space    used 6502K, capacity 6931K, committed 7128K, reserved 1048576K
}
Event: 39556.450 GC heap after
{Heap after GC invocations=289 (full 3):
 def new generation   total 13504K, used 124K [0x00000000f0800000, 0x00000000f16a0000, 0x00000000f5aa0000)
  eden space 12032K,   0% used [0x00000000f0800000, 0x00000000f0800000, 0x00000000f13c0000)
  from space 1472K,   8% used [0x00000000f1530000, 0x00000000f154f178, 0x00000000f16a0000)
  to   space 1472K,   0% used [0x00000000f13c0000, 0x00000000f13c0000, 0x00000000f1530000)
 tenured generation   total 29524K, used 18379K [0x00000000f5aa0000, 0x00000000f7775000, 0x0000000100000000)
   the space 29524K,  62% used [0x00000000f5aa0000, 0x00000000f6c92f70, 0x00000000f6c93000, 0x00000000f7775000)
 Metaspace       used 54361K, capacity 55426K, committed 56280K, reserved 1097728K
  class space    used 6502K, capacity 6931K, committed 7128K, reserved 1048576K
}
Event: 40636.411 GC heap before
{Heap before GC invocations=289 (full 3):
 def new generation   total 13504K, used 12156K [0x00000000f0800000, 0x00000000f16a0000, 0x00000000f5aa0000)
  eden space 12032K, 100% used [0x00000000f0800000, 0x00000000f13c0000, 0x00000000f13c0000)
  from space 1472K,   8% used [0x00000000f1530000, 0x00000000f154f178, 0x00000000f16a0000)
  to   space 1472K,   0% used [0x00000000f13c0000, 0x00000000f13c0000, 0x00000000f1530000)
 tenured generation   total 29524K, used 18379K [0x00000000f5aa0000, 0x00000000f7775000, 0x0000000100000000)
   the space 29524K,  62% used [0x00000000f5aa0000, 0x00000000f6c92f70, 0x00000000f6c93000, 0x00000000f7775000)
 Metaspace       used 54363K, capacity 55426K, committed 56280K, reserved 1097728K
  class space    used 6502K, capacity 6931K, committed 7128K, reserved 1048576K
}
Event: 40636.431 GC heap after
{Heap after GC invocations=290 (full 3):
 def new generation   total 13504K, used 223K [0x00000000f0800000, 0x00000000f16a0000, 0x00000000f5aa0000)
  eden space 12032K,   0% used [0x00000000f0800000, 0x00000000f0800000, 0x00000000f13c0000)
  from space 1472K,  15% used [0x00000000f13c0000, 0x00000000f13f7e58, 0x00000000f1530000)
  to   space 1472K,   0% used [0x00000000f1530000, 0x00000000f1530000, 0x00000000f16a0000)
 tenured generation   total 29524K, used 18389K [0x00000000f5aa0000, 0x00000000f7775000, 0x0000000100000000)
   the space 29524K,  62% used [0x00000000f5aa0000, 0x00000000f6c955d0, 0x00000000f6c95600, 0x00000000f7775000)
 Metaspace       used 54363K, capacity 55426K, committed 56280K, reserved 1097728K
  class space    used 6502K, capacity 6931K, committed 7128K, reserved 1048576K
}
Event: 43238.414 GC heap before
{Heap before GC invocations=290 (full 3):
 def new generation   total 13504K, used 12253K [0x00000000f0800000, 0x00000000f16a0000, 0x00000000f5aa0000)
  eden space 12032K,  99% used [0x00000000f0800000, 0x00000000f13bf8b0, 0x00000000f13c0000)
  from space 1472K,  15% used [0x00000000f13c0000, 0x00000000f13f7e58, 0x00000000f1530000)
  to   space 1472K,   0% used [0x00000000f1530000, 0x00000000f1530000, 0x00000000f16a0000)
 tenured generation   total 29524K, used 18389K [0x00000000f5aa0000, 0x00000000f7775000, 0x0000000100000000)
   the space 29524K,  62% used [0x00000000f5aa0000, 0x00000000f6c955d0, 0x00000000f6c95600, 0x00000000f7775000)
 Metaspace       used 54405K, capacity 55464K, committed 56408K, reserved 1097728K
  class space    used 6507K, capacity 6965K, committed 7256K, reserved 1048576K
}
Event: 43238.417 GC heap after
{Heap after GC invocations=291 (full 3):
 def new generation   total 13504K, used 260K [0x00000000f0800000, 0x00000000f16a0000, 0x00000000f5aa0000)
  eden space 12032K,   0% used [0x00000000f0800000, 0x00000000f0800000, 0x00000000f13c0000)
  from space 1472K,  17% used [0x00000000f1530000, 0x00000000f1571278, 0x00000000f16a0000)
  to   space 1472K,   0% used [0x00000000f13c0000, 0x00000000f13c0000, 0x00000000f1530000)
 tenured generation   total 29524K, used 18389K [0x00000000f5aa0000, 0x00000000f7775000, 0x0000000100000000)
   the space 29524K,  62% used [0x00000000f5aa0000, 0x00000000f6c955d0, 0x00000000f6c95600, 0x00000000f7775000)
 Metaspace       used 54405K, capacity 55464K, committed 56408K, reserved 1097728K
  class space    used 6507K, capacity 6965K, committed 7256K, reserved 1048576K
}
Event: 44101.545 GC heap before
{Heap before GC invocations=291 (full 3):
 def new generation   total 13504K, used 12292K [0x00000000f0800000, 0x00000000f16a0000, 0x00000000f5aa0000)
  eden space 12032K, 100% used [0x00000000f0800000, 0x00000000f13c0000, 0x00000000f13c0000)
  from space 1472K,  17% used [0x00000000f1530000, 0x00000000f1571278, 0x00000000f16a0000)
  to   space 1472K,   0% used [0x00000000f13c0000, 0x00000000f13c0000, 0x00000000f1530000)
 tenured generation   total 29524K, used 18389K [0x00000000f5aa0000, 0x00000000f7775000, 0x0000000100000000)
   the space 29524K,  62% used [0x00000000f5aa0000, 0x00000000f6c955d0, 0x00000000f6c95600, 0x00000000f7775000)
 Metaspace       used 54417K, capacity 55464K, committed 56408K, reserved 1097728K
  class space    used 6507K, capacity 6965K, committed 7256K, reserved 1048576K
}
Event: 44101.551 GC heap after
{Heap after GC invocations=292 (full 3):
 def new generation   total 13504K, used 539K [0x00000000f0800000, 0x00000000f16a0000, 0x00000000f5aa0000)
  eden space 12032K,   0% used [0x00000000f0800000, 0x00000000f0800000, 0x00000000f13c0000)
  from space 1472K,  36% used [0x00000000f13c0000, 0x00000000f1446dd0, 0x00000000f1530000)
  to   space 1472K,   0% used [0x00000000f1530000, 0x00000000f1530000, 0x00000000f16a0000)
 tenured generation   total 29524K, used 18389K [0x00000000f5aa0000, 0x00000000f7775000, 0x0000000100000000)
   the space 29524K,  62% used [0x00000000f5aa0000, 0x00000000f6c955d0, 0x00000000f6c95600, 0x00000000f7775000)
 Metaspace       used 54417K, capacity 55464K, committed 56408K, reserved 1097728K
  class space    used 6507K, capacity 6965K, committed 7256K, reserved 1048576K
}

